<?xml version="1.0" encoding="UTF-8"?>
<testsuites name="bun test" tests="2055" assertions="6124" failures="2" skipped="12" time="109.283295">
  <testsuite name="test/npm.test.ts" file="test/npm.test.ts" tests="2" assertions="4" failures="0" skipped="0" time="0" hostname="MacBook-Pro-5.local">
    <testsuite name="Npm.sanitize" file="test/npm.test.ts" line="6" tests="2" assertions="4" failures="0" skipped="0" time="0" hostname="MacBook-Pro-5.local">
      <testcase name="keeps normal scoped package specs unchanged" classname="Npm.sanitize" time="0" file="test/npm.test.ts" line="7" assertions="3" />
      <testcase name="handles git https specs" classname="Npm.sanitize" time="0" file="test/npm.test.ts" line="13" assertions="1" />
    </testsuite>
  </testsuite>
  <testsuite name="test/notification.test.ts" file="test/notification.test.ts" tests="8" assertions="11" failures="0" skipped="0" time="0" hostname="MacBook-Pro-5.local">
    <testsuite name="notification" file="test/notification.test.ts" line="5" tests="2" assertions="5" failures="0" skipped="0" time="0.001" hostname="MacBook-Pro-5.local">
      <testcase name="matches known terminal apps exactly after normalization" classname="notification" time="0.001855" file="test/notification.test.ts" line="6" assertions="4" />
      <testcase name="escapes xml payload for windows toasts" classname="notification" time="0.000238" file="test/notification.test.ts" line="13" assertions="1" />
    </testsuite>
    <testsuite name="terminalIsFocused" file="test/notification.test.ts" line="20" tests="6" assertions="6" failures="0" skipped="0" time="0" hostname="MacBook-Pro-5.local">
      <testcase name="returns false on win32 (allow notifications since show() works)" classname="terminalIsFocused" time="0.000097" file="test/notification.test.ts" line="31" assertions="1" />
      <testcase name="returns true on unsupported platforms (freebsd)" classname="terminalIsFocused" time="0.000002" file="test/notification.test.ts" line="36" assertions="1" />
      <testcase name="linux: returns true when xdotool fails (not installed)" classname="terminalIsFocused" time="0.000068" file="test/notification.test.ts" line="41" assertions="1" />
      <testcase name="linux: returns true when xdotool returns matching PID" classname="terminalIsFocused" time="0.000113" file="test/notification.test.ts" line="52" assertions="1" />
      <testcase name="linux: returns false when xdotool returns non-matching PID" classname="terminalIsFocused" time="0.000088" file="test/notification.test.ts" line="63" assertions="1" />
      <testcase name="linux: returns true when xdotool returns non-numeric output" classname="terminalIsFocused" time="0" file="test/notification.test.ts" line="75" assertions="1" />
    </testsuite>
  </testsuite>
  <testsuite name="test/permission-task.test.ts" file="test/permission-task.test.ts" tests="21" assertions="45" failures="0" skipped="0" time="0" hostname="MacBook-Pro-5.local">
    <testsuite name="Permission.evaluate for permission.task" file="test/permission-task.test.ts" line="11" tests="9" assertions="16" failures="0" skipped="0" time="0" hostname="MacBook-Pro-5.local">
      <testcase name="returns ask when no match (default)" classname="Permission.evaluate for permission.task" time="0.000504" file="test/permission-task.test.ts" line="19" assertions="1" />
      <testcase name="returns deny for explicit deny" classname="Permission.evaluate for permission.task" time="0.000144" file="test/permission-task.test.ts" line="23" assertions="1" />
      <testcase name="returns allow for explicit allow" classname="Permission.evaluate for permission.task" time="0.000031" file="test/permission-task.test.ts" line="28" assertions="1" />
      <testcase name="returns ask for explicit ask" classname="Permission.evaluate for permission.task" time="0" file="test/permission-task.test.ts" line="33" assertions="1" />
      <testcase name="matches wildcard patterns with deny" classname="Permission.evaluate for permission.task" time="0" file="test/permission-task.test.ts" line="38" assertions="3" />
      <testcase name="matches wildcard patterns with allow" classname="Permission.evaluate for permission.task" time="0.000125" file="test/permission-task.test.ts" line="45" assertions="2" />
      <testcase name="matches wildcard patterns with ask" classname="Permission.evaluate for permission.task" time="0.00002" file="test/permission-task.test.ts" line="51" assertions="2" />
      <testcase name="later rules take precedence (last match wins)" classname="Permission.evaluate for permission.task" time="0.000055" file="test/permission-task.test.ts" line="58" assertions="2" />
      <testcase name="matches global wildcard" classname="Permission.evaluate for permission.task" time="0.000094" file="test/permission-task.test.ts" line="67" assertions="3" />
    </testsuite>
    <testsuite name="Permission.disabled for task tool" file="test/permission-task.test.ts" line="74" tests="6" assertions="6" failures="0" skipped="0" time="0" hostname="MacBook-Pro-5.local">
      <testcase name="task tool is disabled when global deny pattern exists (even with specific allows)" classname="Permission.disabled for task tool" time="0.00008" file="test/permission-task.test.ts" line="85" assertions="1" />
      <testcase name="task tool is disabled when global deny pattern exists (even with ask overrides)" classname="Permission.disabled for task tool" time="0.000022" file="test/permission-task.test.ts" line="97" assertions="1" />
      <testcase name="task tool is disabled when global deny pattern exists" classname="Permission.disabled for task tool" time="0.000022" file="test/permission-task.test.ts" line="107" assertions="1" />
      <testcase name="task tool is NOT disabled when only specific patterns are denied (no wildcard)" classname="Permission.disabled for task tool" time="0.000019" file="test/permission-task.test.ts" line="113" assertions="1" />
      <testcase name="task tool is enabled when no task rules exist (default ask)" classname="Permission.disabled for task tool" time="0.000017" file="test/permission-task.test.ts" line="125" assertions="1" />
      <testcase name="task tool is NOT disabled when last wildcard pattern is allow" classname="Permission.disabled for task tool" time="0.000018" file="test/permission-task.test.ts" line="130" assertions="1" />
    </testsuite>
    <testsuite name="permission.task with real config files" file="test/permission-task.test.ts" line="145" tests="6" assertions="23" failures="0" skipped="0" time="0.34" hostname="MacBook-Pro-5.local">
      <testcase name="loads task permissions from opencode.json config" classname="permission.task with real config files" time="0.084512" file="test/permission-task.test.ts" line="146" assertions="3" />
      <testcase name="loads task permissions with wildcard patterns from config" classname="permission.task with real config files" time="0.051494" file="test/permission-task.test.ts" line="171" assertions="3" />
      <testcase name="evaluate respects task permission from config" classname="permission.task with real config files" time="0.05362" file="test/permission-task.test.ts" line="196" assertions="3" />
      <testcase name="mixed permission config with task and other tools" classname="permission.task with real config files" time="0.050377" file="test/permission-task.test.ts" line="221" assertions="7" />
      <testcase name="task tool disabled when global deny comes last in config" classname="permission.task with real config files" time="0.048735" file="test/permission-task.test.ts" line="260" assertions="4" />
      <testcase name="task tool NOT disabled when specific allow comes last in config" classname="permission.task with real config files" time="0.054353" file="test/permission-task.test.ts" line="292" assertions="3" />
    </testsuite>
  </testsuite>
  <testsuite name="test/keybind.test.ts" file="test/keybind.test.ts" tests="47" assertions="47" failures="0" skipped="0" time="0" hostname="MacBook-Pro-5.local">
    <testsuite name="Keybind.toString" file="test/keybind.test.ts" line="4" tests="16" assertions="16" failures="0" skipped="0" time="0" hostname="MacBook-Pro-5.local">
      <testcase name="should convert simple key to string" classname="Keybind.toString" time="0.000066" file="test/keybind.test.ts" line="5" assertions="1" />
      <testcase name="should convert ctrl modifier to string" classname="Keybind.toString" time="0.000017" file="test/keybind.test.ts" line="10" assertions="1" />
      <testcase name="should convert leader key to string" classname="Keybind.toString" time="0.000009" file="test/keybind.test.ts" line="15" assertions="1" />
      <testcase name="should convert multiple modifiers to string" classname="Keybind.toString" time="0.000005" file="test/keybind.test.ts" line="20" assertions="1" />
      <testcase name="should convert all modifiers to string" classname="Keybind.toString" time="0" file="test/keybind.test.ts" line="25" assertions="1" />
      <testcase name="should convert shift modifier to string" classname="Keybind.toString" time="0" file="test/keybind.test.ts" line="30" assertions="1" />
      <testcase name="should convert function key to string" classname="Keybind.toString" time="0" file="test/keybind.test.ts" line="41" assertions="1" />
      <testcase name="should convert special key to string" classname="Keybind.toString" time="0" file="test/keybind.test.ts" line="46" assertions="1" />
      <testcase name="should handle empty name" classname="Keybind.toString" time="0" file="test/keybind.test.ts" line="57" assertions="1" />
      <testcase name="should handle only modifiers" classname="Keybind.toString" time="0.000047" file="test/keybind.test.ts" line="62" assertions="1" />
      <testcase name="should handle only leader with no other parts" classname="Keybind.toString" time="0" file="test/keybind.test.ts" line="67" assertions="1" />
      <testcase name="should convert super modifier to string" classname="Keybind.toString" time="0" file="test/keybind.test.ts" line="72" assertions="1" />
      <testcase name="should convert super+shift modifier to string" classname="Keybind.toString" time="0.000025" file="test/keybind.test.ts" line="77" assertions="1" />
      <testcase name="should handle super with ctrl modifier" classname="Keybind.toString" time="0" file="test/keybind.test.ts" line="82" assertions="1" />
      <testcase name="should handle super with all modifiers" classname="Keybind.toString" time="0" file="test/keybind.test.ts" line="87" assertions="1" />
      <testcase name="should handle undefined super field (omitted)" classname="Keybind.toString" time="0.000025" file="test/keybind.test.ts" line="92" assertions="1" />
    </testsuite>
    <testsuite name="Keybind.match" file="test/keybind.test.ts" line="98" tests="13" assertions="13" failures="0" skipped="0" time="0" hostname="MacBook-Pro-5.local">
      <testcase name="should match identical keybinds" classname="Keybind.match" time="0" file="test/keybind.test.ts" line="99" assertions="1" />
      <testcase name="should not match different key names" classname="Keybind.match" time="0" file="test/keybind.test.ts" line="105" assertions="1" />
      <testcase name="should not match different modifiers" classname="Keybind.match" time="0" file="test/keybind.test.ts" line="111" assertions="1" />
      <testcase name="should match leader keybinds" classname="Keybind.match" time="0" file="test/keybind.test.ts" line="117" assertions="1" />
      <testcase name="should not match leader vs non-leader" classname="Keybind.match" time="0.000142" file="test/keybind.test.ts" line="123" assertions="1" />
      <testcase name="should match complex keybinds" classname="Keybind.match" time="0.000002" file="test/keybind.test.ts" line="129" assertions="1" />
      <testcase name="should not match with one modifier different" classname="Keybind.match" time="0.000022" file="test/keybind.test.ts" line="135" assertions="1" />
      <testcase name="should match simple key without modifiers" classname="Keybind.match" time="0" file="test/keybind.test.ts" line="141" assertions="1" />
      <testcase name="should match super modifier keybinds" classname="Keybind.match" time="0.000028" file="test/keybind.test.ts" line="147" assertions="1" />
      <testcase name="should not match super vs non-super" classname="Keybind.match" time="0.000009" file="test/keybind.test.ts" line="153" assertions="1" />
      <testcase name="should match undefined super with false super" classname="Keybind.match" time="0.000011" file="test/keybind.test.ts" line="159" assertions="1" />
      <testcase name="should match super+shift combination" classname="Keybind.match" time="0.000006" file="test/keybind.test.ts" line="165" assertions="1" />
      <testcase name="should not match when only super differs" classname="Keybind.match" time="0" file="test/keybind.test.ts" line="171" assertions="1" />
    </testsuite>
    <testsuite name="Keybind.parse" file="test/keybind.test.ts" line="178" tests="18" assertions="18" failures="0" skipped="0" time="0" hostname="MacBook-Pro-5.local">
      <testcase name="should parse simple key" classname="Keybind.parse" time="0.000081" file="test/keybind.test.ts" line="179" assertions="1" />
      <testcase name="should parse leader key syntax" classname="Keybind.parse" time="0" file="test/keybind.test.ts" line="192" assertions="1" />
      <testcase name="should parse ctrl modifier" classname="Keybind.parse" time="0" file="test/keybind.test.ts" line="205" assertions="1" />
      <testcase name="should parse multiple modifiers" classname="Keybind.parse" time="0" file="test/keybind.test.ts" line="218" assertions="1" />
      <testcase name="should parse shift modifier" classname="Keybind.parse" time="0" file="test/keybind.test.ts" line="231" assertions="1" />
      <testcase name="should parse meta/alt modifier" classname="Keybind.parse" time="0" file="test/keybind.test.ts" line="244" assertions="1" />
      <testcase name="should parse leader with modifier" classname="Keybind.parse" time="0" file="test/keybind.test.ts" line="257" assertions="1" />
      <testcase name="should parse multiple keybinds separated by comma" classname="Keybind.parse" time="0" file="test/keybind.test.ts" line="270" assertions="1" />
      <testcase name="should parse shift+return combination" classname="Keybind.parse" time="0" file="test/keybind.test.ts" line="290" assertions="1" />
      <testcase name="should parse ctrl+j combination" classname="Keybind.parse" time="0" file="test/keybind.test.ts" line="303" assertions="1" />
      <testcase name="should handle &apos;none&apos; value" classname="Keybind.parse" time="0" file="test/keybind.test.ts" line="316" assertions="1" />
      <testcase name="should handle special keys" classname="Keybind.parse" time="0" file="test/keybind.test.ts" line="321" assertions="1" />
      <testcase name="should handle function keys" classname="Keybind.parse" time="0" file="test/keybind.test.ts" line="334" assertions="1" />
      <testcase name="should handle complex multi-modifier combination" classname="Keybind.parse" time="0" file="test/keybind.test.ts" line="347" assertions="1" />
      <testcase name="should be case insensitive" classname="Keybind.parse" time="0" file="test/keybind.test.ts" line="360" assertions="1" />
      <testcase name="should parse super modifier" classname="Keybind.parse" time="0" file="test/keybind.test.ts" line="373" assertions="1" />
      <testcase name="should parse super with shift modifier" classname="Keybind.parse" time="0.00014" file="test/keybind.test.ts" line="387" assertions="1" />
      <testcase name="should parse multiple keybinds with super" classname="Keybind.parse" time="0.000005" file="test/keybind.test.ts" line="401" assertions="1" />
    </testsuite>
  </testsuite>
  <testsuite name="test/ide/ide.test.ts" file="test/ide/ide.test.ts" tests="10" assertions="10" failures="0" skipped="0" time="0" hostname="MacBook-Pro-5.local">
    <testsuite name="ide" file="test/ide/ide.test.ts" line="4" tests="10" assertions="10" failures="0" skipped="0" time="0" hostname="MacBook-Pro-5.local">
      <testcase name="should detect Visual Studio Code" classname="ide" time="0.000118" file="test/ide/ide.test.ts" line="14" assertions="1" />
      <testcase name="should detect Visual Studio Code Insiders" classname="ide" time="0.000027" file="test/ide/ide.test.ts" line="21" assertions="1" />
      <testcase name="should detect Cursor" classname="ide" time="0" file="test/ide/ide.test.ts" line="29" assertions="1" />
      <testcase name="should detect VSCodium" classname="ide" time="0" file="test/ide/ide.test.ts" line="36" assertions="1" />
      <testcase name="should detect Windsurf" classname="ide" time="0" file="test/ide/ide.test.ts" line="43" assertions="1" />
      <testcase name="should return unknown when TERM_PROGRAM is not vscode" classname="ide" time="0" file="test/ide/ide.test.ts" line="50" assertions="1" />
      <testcase name="should return unknown when GIT_ASKPASS does not contain IDE name" classname="ide" time="0.000076" file="test/ide/ide.test.ts" line="58" assertions="1" />
      <testcase name="should recognize vscode-insiders OPENCODE_CALLER" classname="ide" time="0.000011" file="test/ide/ide.test.ts" line="65" assertions="1" />
      <testcase name="should recognize vscode OPENCODE_CALLER" classname="ide" time="0" file="test/ide/ide.test.ts" line="71" assertions="1" />
      <testcase name="should return false for unknown OPENCODE_CALLER" classname="ide" time="0" file="test/ide/ide.test.ts" line="77" assertions="1" />
    </testsuite>
  </testsuite>
  <testsuite name="test/snapshot/snapshot.test.ts" file="test/snapshot/snapshot.test.ts" tests="50" assertions="1581" failures="0" skipped="1" time="8.291" hostname="MacBook-Pro-5.local">
    <testcase name="tracks deleted files correctly" classname="" time="0.155655" file="test/snapshot/snapshot.test.ts" line="38" assertions="2" />
    <testcase name="revert should remove new files" classname="" time="0.168381" file="test/snapshot/snapshot.test.ts" line="53" assertions="2" />
    <testcase name="revert in subdirectory" classname="" time="0.14549" file="test/snapshot/snapshot.test.ts" line="75" assertions="2" />
    <testcase name="multiple file operations" classname="" time="0.183467" file="test/snapshot/snapshot.test.ts" line="100" assertions="4" />
    <testcase name="empty directory handling" classname="" time="0.122965" file="test/snapshot/snapshot.test.ts" line="130" assertions="2" />
    <testcase name="binary file handling" classname="" time="0.139113" file="test/snapshot/snapshot.test.ts" line="145" assertions="3" />
    <testcase name="symlink handling" classname="" time="0.134817" file="test/snapshot/snapshot.test.ts" line="169" assertions="2" />
    <testcase name="file under size limit handling" classname="" time="0.145753" file="test/snapshot/snapshot.test.ts" line="184" assertions="2" />
    <testcase name="large added files are skipped" classname="" time="0.196051" file="test/snapshot/snapshot.test.ts" line="199" assertions="4" />
    <testcase name="nested directory revert" classname="" time="0.152379" file="test/snapshot/snapshot.test.ts" line="216" assertions="2" />
    <testcase name="special characters in filenames" classname="" time="0.196232" file="test/snapshot/snapshot.test.ts" line="239" assertions="4" />
    <testcase name="revert with empty patches" classname="" time="0.06673" file="test/snapshot/snapshot.test.ts" line="259" assertions="2" />
    <testcase name="patch with invalid hash" classname="" time="0.167837" file="test/snapshot/snapshot.test.ts" line="273" assertions="3" />
    <testcase name="revert non-existent file" classname="" time="0.130762" file="test/snapshot/snapshot.test.ts" line="292" assertions="2" />
    <testcase name="unicode filenames" classname="" time="0.142102" file="test/snapshot/snapshot.test.ts" line="314" assertions="10" />
    <testcase name="unicode filenames modification and restore" classname="" time="0" file="test/snapshot/snapshot.test.ts" line="354" assertions="0">
      <skipped />
    </testcase>
    <testcase name="unicode filenames in subdirectories" classname="" time="0.144496" file="test/snapshot/snapshot.test.ts" line="383" assertions="3" />
    <testcase name="very long filenames" classname="" time="0.138969" file="test/snapshot/snapshot.test.ts" line="409" assertions="3" />
    <testcase name="hidden files" classname="" time="0.140714" file="test/snapshot/snapshot.test.ts" line="436" assertions="4" />
    <testcase name="nested symlinks" classname="" time="0.13492" file="test/snapshot/snapshot.test.ts" line="456" assertions="3" />
    <testcase name="file permissions and ownership changes" classname="" time="0.129341" file="test/snapshot/snapshot.test.ts" line="476" assertions="2" />
    <testcase name="circular symlinks" classname="" time="0.134329" file="test/snapshot/snapshot.test.ts" line="497" assertions="2" />
    <testcase name="gitignore changes" classname="" time="0.138997" file="test/snapshot/snapshot.test.ts" line="514" assertions="4" />
    <testcase name="git info exclude changes" classname="" time="0.166601" file="test/snapshot/snapshot.test.ts" line="538" assertions="5" />
    <testcase name="git info exclude keeps global excludes" classname="" time="0.139479" file="test/snapshot/snapshot.test.ts" line="564" assertions="4" />
    <testcase name="concurrent file operations during patch" classname="" time="0.137885" file="test/snapshot/snapshot.test.ts" line="600" assertions="2" />
    <testcase name="snapshot state isolation between projects" classname="" time="0.259939" file="test/snapshot/snapshot.test.ts" line="629" assertions="3" />
    <testcase name="patch detects changes in secondary worktree" classname="" time="0.203915" file="test/snapshot/snapshot.test.ts" line="658" assertions="3" />
    <testcase name="revert only removes files in invoking worktree" classname="" time="0.221249" file="test/snapshot/snapshot.test.ts" line="690" assertions="4" />
    <testcase name="diff reports worktree-only/shared edits and ignores primary-only" classname="" time="0.203706" file="test/snapshot/snapshot.test.ts" line="734" assertions="5" />
    <testcase name="track with no changes returns same hash" classname="" time="0.146732" file="test/snapshot/snapshot.test.ts" line="772" assertions="3" />
    <testcase name="diff function with various changes" classname="" time="0.146392" file="test/snapshot/snapshot.test.ts" line="791" assertions="4" />
    <testcase name="restore function" classname="" time="0.135328" file="test/snapshot/snapshot.test.ts" line="812" assertions="5" />
    <testcase name="revert should not delete files that existed but were deleted in snapshot" classname="" time="0.165555" file="test/snapshot/snapshot.test.ts" line="846" assertions="4" />
    <testcase name="revert preserves file that existed in snapshot when deleted then recreated" classname="" time="0.14653" file="test/snapshot/snapshot.test.ts" line="876" assertions="6" />
    <testcase name="diffFull sets status based on git change type" classname="" time="0.152571" file="test/snapshot/snapshot.test.ts" line="913" assertions="15" />
    <testcase name="diffFull with new file additions" classname="" time="0.143507" file="test/snapshot/snapshot.test.ts" line="959" assertions="8" />
    <testcase name="diffFull with a large interleaved mixed diff" classname="" time="0.437122" file="test/snapshot/snapshot.test.ts" line="985" assertions="1083" />
    <testcase name="diffFull preserves git diff order across batch boundaries" classname="" time="0.376308" file="test/snapshot/snapshot.test.ts" line="1051" assertions="3" />
    <testcase name="diffFull with file modifications" classname="" time="0.150765" file="test/snapshot/snapshot.test.ts" line="1077" assertions="8" />
    <testcase name="diffFull with file deletions" classname="" time="0.145645" file="test/snapshot/snapshot.test.ts" line="1103" assertions="8" />
    <testcase name="diffFull with multiple line additions" classname="" time="0.140823" file="test/snapshot/snapshot.test.ts" line="1129" assertions="8" />
    <testcase name="diffFull with addition and deletion" classname="" time="0.145215" file="test/snapshot/snapshot.test.ts" line="1155" assertions="13" />
    <testcase name="diffFull with multiple additions and deletions" classname="" time="0.149924" file="test/snapshot/snapshot.test.ts" line="1189" assertions="15" />
    <testcase name="diffFull with no changes" classname="" time="0.133883" file="test/snapshot/snapshot.test.ts" line="1231" assertions="3" />
    <testcase name="diffFull with binary file changes" classname="" time="0.1485" file="test/snapshot/snapshot.test.ts" line="1248" assertions="5" />
    <testcase name="diffFull with whitespace changes" classname="" time="0.150554" file="test/snapshot/snapshot.test.ts" line="1271" assertions="5" />
    <testcase name="revert with overlapping files across patches uses first patch hash" classname="" time="0.170277" file="test/snapshot/snapshot.test.ts" line="1295" assertions="5" />
    <testcase name="revert preserves patch order when the same hash appears again" classname="" time="0.142898" file="test/snapshot/snapshot.test.ts" line="1329" assertions="5" />
    <testcase name="revert handles large mixed batches across chunk boundaries" classname="" time="0.448144" file="test/snapshot/snapshot.test.ts" line="1364" assertions="282" />
  </testsuite>
  <testsuite name="test/memory/store.test.ts" file="test/memory/store.test.ts" tests="7" assertions="25" failures="0" skipped="0" time="0" hostname="MacBook-Pro-5.local">
    <testsuite name="memory.store" file="test/memory/store.test.ts" line="18" tests="7" assertions="25" failures="0" skipped="0" time="0.347" hostname="MacBook-Pro-5.local">
      <testcase name="insert and select round-trip" classname="memory.store" time="0.048142" file="test/memory/store.test.ts" line="42" assertions="10" />
      <testcase name="access_count increments on read" classname="memory.store" time="0.046032" file="test/memory/store.test.ts" line="68" assertions="2" />
      <testcase name="select returns undefined for non-existent id" classname="memory.store" time="0.045487" file="test/memory/store.test.ts" line="98" assertions="1" />
      <testcase name="update modifies topic and content" classname="memory.store" time="0.046625" file="test/memory/store.test.ts" line="111" assertions="3" />
      <testcase name="delete removes entry" classname="memory.store" time="0.047528" file="test/memory/store.test.ts" line="138" assertions="1" />
      <testcase name="list filters by project_path" classname="memory.store" time="0.067669" file="test/memory/store.test.ts" line="160" assertions="4" />
      <testcase name="listByType filters by project_path and type" classname="memory.store" time="0.04879" file="test/memory/store.test.ts" line="188" assertions="4" />
    </testsuite>
  </testsuite>
  <testsuite name="test/memory/abort-leak.test.ts" file="test/memory/abort-leak.test.ts" tests="2" assertions="2" failures="0" skipped="0" time="0" hostname="MacBook-Pro-5.local">
    <testsuite name="memory: abort controller leak" file="test/memory/abort-leak.test.ts" line="28" tests="2" assertions="2" failures="0" skipped="0" time="2.144" hostname="MacBook-Pro-5.local">
      <testcase name="webfetch does not leak memory over many invocations" classname="memory: abort controller leak" time="1.578278" file="test/memory/abort-leak.test.ts" line="29" assertions="1" />
      <testcase name="compare closure vs bind pattern directly" classname="memory: abort controller leak" time="0.566678" file="test/memory/abort-leak.test.ts" line="61" assertions="1" />
    </testsuite>
  </testsuite>
  <testsuite name="test/memory/file.test.ts" file="test/memory/file.test.ts" tests="19" assertions="48" failures="0" skipped="0" time="0" hostname="MacBook-Pro-5.local">
    <testsuite name="memory.file" file="test/memory/file.test.ts" line="9" tests="19" assertions="48" failures="0" skipped="0" time="0.015" hostname="MacBook-Pro-5.local">
      <testcase name="writeEntry and readEntry round-trip" classname="memory.file" time="0.003229" file="test/memory/file.test.ts" line="10" assertions="5" />
      <testcase name="readEntry returns undefined for non-existent file" classname="memory.file" time="0.001336" file="test/memory/file.test.ts" line="31" assertions="1" />
      <testcase name="writeIndex and readIndex round-trip" classname="memory.file" time="0.001629" file="test/memory/file.test.ts" line="42" assertions="1" />
      <testcase name="readIndex returns undefined when file does not exist" classname="memory.file" time="0.000838" file="test/memory/file.test.ts" line="55" assertions="1" />
      <testcase name="readIndex truncates at maxLines" classname="memory.file" time="0.001708" file="test/memory/file.test.ts" line="66" assertions="3" />
      <testcase name="path traversal is rejected" classname="memory.file" time="0.001393" file="test/memory/file.test.ts" line="81" assertions="2" />
      <testcase name="empty filename is rejected" classname="memory.file" time="0.000883" file="test/memory/file.test.ts" line="100" assertions="2" />
      <testcase name="removeEntry deletes file" classname="memory.file" time="0.001378" file="test/memory/file.test.ts" line="111" assertions="2" />
      <testcase name="listEntries returns all markdown entries" classname="memory.file" time="0.001736" file="test/memory/file.test.ts" line="132" assertions="2" />
      <testcase name="writeEntry creates directory structure" classname="memory.file" time="0.001163" file="test/memory/file.test.ts" line="157" assertions="2" />
      <testcase name="readEntry returns undefined for file without valid frontmatter" classname="memory.file" time="0.001076" file="test/memory/file.test.ts" line="184" assertions="1" />
      <testcase name="readEntry parses valid type: error-solution" classname="memory.file" time="0.001085" file="test/memory/file.test.ts" line="198" assertions="4" />
      <testcase name="readEntry parses valid type: build-command" classname="memory.file" time="0.000957" file="test/memory/file.test.ts" line="198" assertions="4" />
      <testcase name="readEntry parses valid type: preference" classname="memory.file" time="0.002825" file="test/memory/file.test.ts" line="198" assertions="4" />
      <testcase name="readEntry parses valid type: decision" classname="memory.file" time="0.000972" file="test/memory/file.test.ts" line="198" assertions="4" />
      <testcase name="readEntry parses valid type: config-pattern" classname="memory.file" time="0.000886" file="test/memory/file.test.ts" line="198" assertions="4" />
      <testcase name="readEntry parses valid type: general" classname="memory.file" time="0.000936" file="test/memory/file.test.ts" line="198" assertions="4" />
      <testcase name="readEntry returns undefined for invalid type in frontmatter" classname="memory.file" time="0.001105" file="test/memory/file.test.ts" line="216" assertions="1" />
      <testcase name="readEntry returns undefined for missing type in frontmatter" classname="memory.file" time="0.000951" file="test/memory/file.test.ts" line="231" assertions="1" />
    </testsuite>
  </testsuite>
  <testsuite name="test/memory/extractor.test.ts" file="test/memory/extractor.test.ts" tests="6" assertions="0" failures="0" skipped="0" time="0" hostname="MacBook-Pro-5.local">
    <testsuite name="memory.extractor" file="test/memory/extractor.test.ts" line="8" tests="6" assertions="0" failures="0" skipped="0" time="0.001" hostname="MacBook-Pro-5.local">
      <testcase name="trackCommand accumulates counts and triggers at threshold" classname="memory.extractor" time="0.001641" file="test/memory/extractor.test.ts" line="9" assertions="0" />
      <testcase name="trackError and trackFix detects error-fix sequence" classname="memory.extractor" time="0.000628" file="test/memory/extractor.test.ts" line="27" assertions="0" />
      <testcase name="trackPreference creates pending memory" classname="memory.extractor" time="0.000514" file="test/memory/extractor.test.ts" line="43" assertions="0" />
      <testcase name="session state is isolated between sessions" classname="memory.extractor" time="0.00056" file="test/memory/extractor.test.ts" line="56" assertions="0" />
      <testcase name="cleanup awaits flush before deleting state" classname="memory.extractor" time="0.0005" file="test/memory/extractor.test.ts" line="78" assertions="0" />
      <testcase name="trackConfigChange records file modification" classname="memory.extractor" time="0.00058" file="test/memory/extractor.test.ts" line="95" assertions="0" />
    </testsuite>
  </testsuite>
  <testsuite name="test/skill/discovery.test.ts" file="test/skill/discovery.test.ts" tests="6" assertions="18" failures="0" skipped="0" time="0" hostname="MacBook-Pro-5.local">
    <testsuite name="Discovery.pull" file="test/skill/discovery.test.ts" line="49" tests="6" assertions="18" failures="0" skipped="0" time="0.011" hostname="MacBook-Pro-5.local">
      <testcase name="downloads skills from cloudflare url" classname="Discovery.pull" time="0.007479" file="test/skill/discovery.test.ts" line="53" assertions="5" />
      <testcase name="url without trailing slash works" classname="Discovery.pull" time="0.00073" file="test/skill/discovery.test.ts" line="63" assertions="3" />
      <testcase name="returns empty array for invalid url" classname="Discovery.pull" time="0.000557" file="test/skill/discovery.test.ts" line="72" assertions="1" />
      <testcase name="returns empty array for non-json response" classname="Discovery.pull" time="0.000372" file="test/skill/discovery.test.ts" line="77" assertions="1" />
      <testcase name="downloads reference files alongside SKILL.md" classname="Discovery.pull" time="0.00237" file="test/skill/discovery.test.ts" line="83" assertions="3" />
      <testcase name="caches downloaded files on second pull" classname="Discovery.pull" time="0.002811" file="test/skill/discovery.test.ts" line="97" assertions="5" />
    </testsuite>
  </testsuite>
  <testsuite name="test/skill/skill.test.ts" file="test/skill/skill.test.ts" tests="11" assertions="29" failures="0" skipped="0" time="0.86" hostname="MacBook-Pro-5.local">
    <testcase name="discovers skills from .opencode/skill/ directory" classname="" time="0.056723" file="test/skill/skill.test.ts" line="29" assertions="4" />
    <testcase name="returns skill directories from Skill.dirs" classname="" time="0.055252" file="test/skill/skill.test.ts" line="62" assertions="2" />
    <testcase name="discovers multiple skills from .opencode/skill/ directory" classname="" time="0.137132" file="test/skill/skill.test.ts" line="98" assertions="3" />
    <testcase name="skips skills with missing frontmatter" classname="" time="0.125877" file="test/skill/skill.test.ts" line="138" assertions="1" />
    <testcase name="discovers skills from .claude/skills/ directory" classname="" time="0.105717" file="test/skill/skill.test.ts" line="162" assertions="3" />
    <testcase name="discovers global skills from ~/.claude/skills/ directory" classname="" time="0.083921" file="test/skill/skill.test.ts" line="192" assertions="4" />
    <testcase name="returns empty array when no skills exist" classname="" time="0.054686" file="test/skill/skill.test.ts" line="215" assertions="1" />
    <testcase name="discovers skills from .agents/skills/ directory" classname="" time="0.068686" file="test/skill/skill.test.ts" line="227" assertions="3" />
    <testcase name="discovers global skills from ~/.agents/skills/ directory" classname="" time="0.051326" file="test/skill/skill.test.ts" line="257" assertions="4" />
    <testcase name="discovers skills from both .claude/skills/ and .agents/skills/" classname="" time="0.051611" file="test/skill/skill.test.ts" line="294" assertions="3" />
    <testcase name="properly resolves directories that skills live in" classname="" time="0.075164" file="test/skill/skill.test.ts" line="334" assertions="1" />
  </testsuite>
  <testsuite name="test/util/glob.test.ts" file="test/util/glob.test.ts" tests="17" assertions="22" failures="0" skipped="0" time="0" hostname="MacBook-Pro-5.local">
    <testsuite name="Glob" file="test/util/glob.test.ts" line="7" tests="17" assertions="22" failures="0" skipped="0" time="0" hostname="MacBook-Pro-5.local">
      <testsuite name="scan()" file="test/util/glob.test.ts" line="8" tests="11" assertions="11" failures="0" skipped="0" time="0.057" hostname="MacBook-Pro-5.local">
        <testcase name="finds files matching pattern" classname="scan() &amp;gt; Glob" time="0.001748" file="test/util/glob.test.ts" line="9" assertions="1" />
        <testcase name="returns absolute paths when absolute option is true" classname="scan() &amp;gt; Glob" time="0.000984" file="test/util/glob.test.ts" line="20" assertions="1" />
        <testcase name="excludes directories by default" classname="scan() &amp;gt; Glob" time="0.00149" file="test/util/glob.test.ts" line="29" assertions="1" />
        <testcase name="excludes directories when include is &apos;file&apos;" classname="scan() &amp;gt; Glob" time="0.000633" file="test/util/glob.test.ts" line="39" assertions="1" />
        <testcase name="includes directories when include is &apos;all&apos;" classname="scan() &amp;gt; Glob" time="0.005674" file="test/util/glob.test.ts" line="49" assertions="1" />
        <testcase name="handles nested patterns" classname="scan() &amp;gt; Glob" time="0.033993" file="test/util/glob.test.ts" line="59" assertions="1" />
        <testcase name="returns empty array for no matches" classname="scan() &amp;gt; Glob" time="0.001587" file="test/util/glob.test.ts" line="69" assertions="1" />
        <testcase name="does not follow symlinks by default" classname="scan() &amp;gt; Glob" time="0.001994" file="test/util/glob.test.ts" line="77" assertions="1" />
        <testcase name="follows symlinks when symlink option is true" classname="scan() &amp;gt; Glob" time="0.001637" file="test/util/glob.test.ts" line="88" assertions="1" />
        <testcase name="includes dotfiles when dot option is true" classname="scan() &amp;gt; Glob" time="0.002303" file="test/util/glob.test.ts" line="99" assertions="1" />
        <testcase name="excludes dotfiles when dot option is false" classname="scan() &amp;gt; Glob" time="0.012343" file="test/util/glob.test.ts" line="109" assertions="1" />
      </testsuite>
      <testsuite name="scanSync()" file="test/util/glob.test.ts" line="120" tests="2" assertions="2" failures="0" skipped="0" time="0.003" hostname="MacBook-Pro-5.local">
        <testcase name="finds files matching pattern synchronously" classname="scanSync() &amp;gt; Glob" time="0.002947" file="test/util/glob.test.ts" line="121" assertions="1" />
        <testcase name="respects options" classname="scanSync() &amp;gt; Glob" time="0.001673" file="test/util/glob.test.ts" line="131" assertions="1" />
      </testsuite>
      <testsuite name="match()" file="test/util/glob.test.ts" line="142" tests="4" assertions="9" failures="0" skipped="0" time="0" hostname="MacBook-Pro-5.local">
        <testcase name="matches simple patterns" classname="match() &amp;gt; Glob" time="0.000857" file="test/util/glob.test.ts" line="143" assertions="2" />
        <testcase name="matches directory patterns" classname="match() &amp;gt; Glob" time="0.000131" file="test/util/glob.test.ts" line="148" assertions="2" />
        <testcase name="matches dot files" classname="match() &amp;gt; Glob" time="0" file="test/util/glob.test.ts" line="153" assertions="2" />
        <testcase name="matches brace expansion" classname="match() &amp;gt; Glob" time="0.000396" file="test/util/glob.test.ts" line="158" assertions="3" />
      </testsuite>
    </testsuite>
  </testsuite>
  <testsuite name="test/util/process.test.ts" file="test/util/process.test.ts" tests="10" assertions="15" failures="0" skipped="0" time="0" hostname="MacBook-Pro-5.local">
    <testsuite name="util.process" file="test/util/process.test.ts" line="11" tests="10" assertions="15" failures="0" skipped="0" time="0.574" hostname="MacBook-Pro-5.local">
      <testcase name="captures stdout and stderr" classname="util.process" time="0.150046" file="test/util/process.test.ts" line="12" assertions="3" />
      <testcase name="returns code when nothrow is enabled" classname="util.process" time="0.11718" file="test/util/process.test.ts" line="19" assertions="1" />
      <testcase name="throws RunFailedError on non-zero exit" classname="util.process" time="0.116527" file="test/util/process.test.ts" line="24" assertions="3" />
      <testcase name="aborts a running process" classname="util.process" time="0.029174" file="test/util/process.test.ts" line="32" assertions="2" />
      <testcase name="kills after timeout when process ignores terminate signal" classname="util.process" time="0.029327" file="test/util/process.test.ts" line="46" assertions="2" />
      <testcase name="uses cwd when spawning commands" classname="util.process" time="0.014394" file="test/util/process.test.ts" line="63" assertions="1" />
      <testcase name="merges environment overrides" classname="util.process" time="0.11922" file="test/util/process.test.ts" line="71" assertions="1" />
      <testcase name="uses shell in run on Windows" classname="util.process" time="0.000035" file="test/util/process.test.ts" line="80" assertions="0" />
      <testcase name="runs cmd scripts with spaces on Windows without shell" classname="util.process" time="0.000155" file="test/util/process.test.ts" line="94" assertions="0" />
      <testcase name="rejects missing commands without leaking unhandled errors" classname="util.process" time="0.000888" file="test/util/process.test.ts" line="113" assertions="2" />
    </testsuite>
  </testsuite>
  <testsuite name="test/util/iife.test.ts" file="test/util/iife.test.ts" tests="3" assertions="6" failures="0" skipped="0" time="0" hostname="MacBook-Pro-5.local">
    <testsuite name="util.iife" file="test/util/iife.test.ts" line="4" tests="3" assertions="6" failures="0" skipped="0" time="0" hostname="MacBook-Pro-5.local">
      <testcase name="should execute function immediately and return result" classname="util.iife" time="0.000028" file="test/util/iife.test.ts" line="5" assertions="2" />
      <testcase name="should work with async functions" classname="util.iife" time="0.000012" file="test/util/iife.test.ts" line="16" assertions="2" />
      <testcase name="should handle functions with no return value" classname="util.iife" time="0.000054" file="test/util/iife.test.ts" line="27" assertions="2" />
    </testsuite>
  </testsuite>
  <testsuite name="test/util/timeout.test.ts" file="test/util/timeout.test.ts" tests="2" assertions="2" failures="0" skipped="0" time="0" hostname="MacBook-Pro-5.local">
    <testsuite name="util.timeout" file="test/util/timeout.test.ts" line="4" tests="2" assertions="2" failures="0" skipped="0" time="0.063" hostname="MacBook-Pro-5.local">
      <testcase name="should resolve when promise completes before timeout" classname="util.timeout" time="0.011084" file="test/util/timeout.test.ts" line="5" assertions="1" />
      <testcase name="should reject when promise exceeds timeout" classname="util.timeout" time="0.052176" file="test/util/timeout.test.ts" line="14" assertions="1" />
    </testsuite>
  </testsuite>
  <testsuite name="test/util/format.test.ts" file="test/util/format.test.ts" tests="7" assertions="32" failures="0" skipped="0" time="0" hostname="MacBook-Pro-5.local">
    <testsuite name="util.format" file="test/util/format.test.ts" line="4" tests="7" assertions="32" failures="0" skipped="0" time="0" hostname="MacBook-Pro-5.local">
      <testsuite name="formatDuration" file="test/util/format.test.ts" line="5" tests="7" assertions="32" failures="0" skipped="0" time="0" hostname="MacBook-Pro-5.local">
        <testcase name="returns empty string for zero or negative values" classname="formatDuration &amp;gt; util.format" time="0.000091" file="test/util/format.test.ts" line="6" assertions="3" />
        <testcase name="formats seconds under a minute" classname="formatDuration &amp;gt; util.format" time="0" file="test/util/format.test.ts" line="12" assertions="3" />
        <testcase name="formats minutes under an hour" classname="formatDuration &amp;gt; util.format" time="0" file="test/util/format.test.ts" line="18" assertions="6" />
        <testcase name="formats hours under a day" classname="formatDuration &amp;gt; util.format" time="0" file="test/util/format.test.ts" line="27" assertions="5" />
        <testcase name="formats days under a week" classname="formatDuration &amp;gt; util.format" time="0.000063" file="test/util/format.test.ts" line="35" assertions="4" />
        <testcase name="formats weeks" classname="formatDuration &amp;gt; util.format" time="0" file="test/util/format.test.ts" line="42" assertions="3" />
        <testcase name="handles boundary values correctly" classname="formatDuration &amp;gt; util.format" time="0" file="test/util/format.test.ts" line="48" assertions="8" />
      </testsuite>
    </testsuite>
  </testsuite>
  <testsuite name="test/util/lock.test.ts" file="test/util/lock.test.ts" tests="1" assertions="7" failures="0" skipped="0" time="0" hostname="MacBook-Pro-5.local">
    <testsuite name="util.lock" file="test/util/lock.test.ts" line="12" tests="1" assertions="7" failures="0" skipped="0" time="0" hostname="MacBook-Pro-5.local">
      <testcase name="writer exclusivity: blocks reads and other writes while held" classname="util.lock" time="0.000441" file="test/util/lock.test.ts" line="13" assertions="7" />
    </testsuite>
  </testsuite>
  <testsuite name="test/util/wildcard.test.ts" file="test/util/wildcard.test.ts" tests="8" assertions="29" failures="0" skipped="0" time="0" hostname="MacBook-Pro-5.local">
    <testcase name="match handles glob tokens" classname="" time="0" file="test/util/wildcard.test.ts" line="4" assertions="3" />
    <testcase name="match with trailing space+wildcard matches command with or without args" classname="" time="0" file="test/util/wildcard.test.ts" line="10" assertions="9" />
    <testcase name="all picks the most specific pattern" classname="" time="0.000422" file="test/util/wildcard.test.ts" line="30" assertions="3" />
    <testcase name="allStructured matches command sequences" classname="" time="0.000144" file="test/util/wildcard.test.ts" line="41" assertions="3" />
    <testcase name="allStructured prioritizes flag-specific patterns" classname="" time="0.00007" file="test/util/wildcard.test.ts" line="53" assertions="4" />
    <testcase name="allStructured handles sed flags" classname="" time="0.000081" file="test/util/wildcard.test.ts" line="66" assertions="4" />
    <testcase name="match normalizes slashes for cross-platform globbing" classname="" time="0.000004" file="test/util/wildcard.test.ts" line="77" assertions="2" />
    <testcase name="match handles case-insensitivity on Windows" classname="" time="0.000019" file="test/util/wildcard.test.ts" line="82" assertions="1" />
  </testsuite>
  <testsuite name="test/util/lazy.test.ts" file="test/util/lazy.test.ts" tests="3" assertions="13" failures="0" skipped="0" time="0" hostname="MacBook-Pro-5.local">
    <testsuite name="util.lazy" file="test/util/lazy.test.ts" line="4" tests="3" assertions="13" failures="0" skipped="0" time="0" hostname="MacBook-Pro-5.local">
      <testcase name="should call function only once" classname="util.lazy" time="0" file="test/util/lazy.test.ts" line="5" assertions="5" />
      <testcase name="should preserve the same reference" classname="util.lazy" time="0" file="test/util/lazy.test.ts" line="25" assertions="3" />
      <testcase name="should work with different return types" classname="util.lazy" time="0" file="test/util/lazy.test.ts" line="37" assertions="5" />
    </testsuite>
  </testsuite>
  <testsuite name="test/util/effect-zod.test.ts" file="test/util/effect-zod.test.ts" tests="3" assertions="5" failures="0" skipped="0" time="0" hostname="MacBook-Pro-5.local">
    <testsuite name="util.effect-zod" file="test/util/effect-zod.test.ts" line="6" tests="3" assertions="5" failures="0" skipped="0" time="0" hostname="MacBook-Pro-5.local">
      <testcase name="converts class schemas for route dto shapes" classname="util.effect-zod" time="0.000687" file="test/util/effect-zod.test.ts" line="7" assertions="2" />
      <testcase name="converts structs with optional fields, arrays, and records" classname="util.effect-zod" time="0.00058" file="test/util/effect-zod.test.ts" line="27" assertions="2" />
      <testcase name="throws for unsupported tuple schemas" classname="util.effect-zod" time="0.000068" file="test/util/effect-zod.test.ts" line="58" assertions="1" />
    </testsuite>
  </testsuite>
  <testsuite name="test/util/format-think.test.ts" file="test/util/format-think.test.ts" tests="9" assertions="18" failures="0" skipped="0" time="0" hostname="MacBook-Pro-5.local">
    <testsuite name="util.format.stripThinkTags" file="test/util/format-think.test.ts" line="4" tests="9" assertions="18" failures="0" skipped="0" time="0" hostname="MacBook-Pro-5.local">
      <testcase name="strips &lt;think&gt;...&lt;/think&gt; tags and returns reasoning and content" classname="util.format.stripThinkTags" time="0.000147" file="test/util/format-think.test.ts" line="5" assertions="2" />
      <testcase name="strips &lt;thinking&gt;...&lt;/thinking&gt; tags" classname="util.format.stripThinkTags" time="0.000024" file="test/util/format-think.test.ts" line="12" assertions="2" />
      <testcase name="handles unclosed &lt;think&gt; tags (truncated stream)" classname="util.format.stripThinkTags" time="0" file="test/util/format-think.test.ts" line="19" assertions="2" />
      <testcase name="no tags returns content unchanged and reasoning empty" classname="util.format.stripThinkTags" time="0" file="test/util/format-think.test.ts" line="26" assertions="2" />
      <testcase name="multiple thinking blocks concatenates all reasoning" classname="util.format.stripThinkTags" time="0" file="test/util/format-think.test.ts" line="33" assertions="2" />
      <testcase name="handles empty think tags" classname="util.format.stripThinkTags" time="0.000031" file="test/util/format-think.test.ts" line="40" assertions="2" />
      <testcase name="handles multiline reasoning content" classname="util.format.stripThinkTags" time="0" file="test/util/format-think.test.ts" line="47" assertions="2" />
      <testcase name="handles mixed think and thinking tags" classname="util.format.stripThinkTags" time="0" file="test/util/format-think.test.ts" line="54" assertions="2" />
      <testcase name="unclosed thinking tag at end" classname="util.format.stripThinkTags" time="0.000025" file="test/util/format-think.test.ts" line="61" assertions="2" />
    </testsuite>
  </testsuite>
  <testsuite name="test/util/data-url.test.ts" file="test/util/data-url.test.ts" tests="2" assertions="2" failures="0" skipped="0" time="0" hostname="MacBook-Pro-5.local">
    <testsuite name="decodeDataUrl" file="test/util/data-url.test.ts" line="4" tests="2" assertions="2" failures="0" skipped="0" time="0" hostname="MacBook-Pro-5.local">
      <testcase name="decodes base64 data URLs" classname="decodeDataUrl" time="0" file="test/util/data-url.test.ts" line="5" assertions="1" />
      <testcase name="decodes plain data URLs" classname="decodeDataUrl" time="0" file="test/util/data-url.test.ts" line="11" assertions="1" />
    </testsuite>
  </testsuite>
  <testsuite name="test/util/module.test.ts" file="test/util/module.test.ts" tests="4" assertions="6" failures="0" skipped="0" time="0" hostname="MacBook-Pro-5.local">
    <testsuite name="util.module" file="test/util/module.test.ts" line="7" tests="4" assertions="6" failures="0" skipped="0" time="0.004" hostname="MacBook-Pro-5.local">
      <testcase name="resolves package subpaths from the provided dir" classname="util.module" time="0.002866" file="test/util/module.test.ts" line="8" assertions="1" />
      <testcase name="resolves packages through ancestor node_modules" classname="util.module" time="0.001284" file="test/util/module.test.ts" line="18" assertions="1" />
      <testcase name="resolves relative to the provided dir" classname="util.module" time="0.001507" file="test/util/module.test.ts" line="33" assertions="3" />
      <testcase name="returns undefined when resolution fails" classname="util.module" time="0.00026" file="test/util/module.test.ts" line="55" assertions="1" />
    </testsuite>
  </testsuite>
  <testsuite name="test/util/error.test.ts" file="test/util/error.test.ts" tests="3" assertions="11" failures="0" skipped="0" time="0" hostname="MacBook-Pro-5.local">
    <testsuite name="util.error" file="test/util/error.test.ts" line="4" tests="3" assertions="11" failures="0" skipped="0" time="0" hostname="MacBook-Pro-5.local">
      <testcase name="formats native Error instances" classname="util.error" time="0" file="test/util/error.test.ts" line="5" assertions="5" />
      <testcase name="extracts message from record-like values" classname="util.error" time="0" file="test/util/error.test.ts" line="16" assertions="3" />
      <testcase name="handles opaque throwables with custom toString" classname="util.error" time="0" file="test/util/error.test.ts" line="25" assertions="3" />
    </testsuite>
  </testsuite>
  <testsuite name="test/util/flock.test.ts" file="test/util/flock.test.ts" tests="10" assertions="26" failures="0" skipped="0" time="0" hostname="MacBook-Pro-5.local">
    <testsuite name="util.flock" file="test/util/flock.test.ts" line="69" tests="10" assertions="26" failures="0" skipped="0" time="5.376" hostname="MacBook-Pro-5.local">
      <testcase name="enforces mutual exclusion under process contention" classname="util.flock" time="2.478028" file="test/util/flock.test.ts" line="70" assertions="3" />
      <testcase name="times out while waiting when lock is still healthy" classname="util.flock" time="1.393664" file="test/util/flock.test.ts" line="102" assertions="4" />
      <testcase name="recovers after a crashed lock owner" classname="util.flock" time="0.824376" file="test/util/flock.test.ts" line="139" assertions="1" />
      <testcase name="breaks stale lock dirs when heartbeat is missing" classname="util.flock" time="0.003044" file="test/util/flock.test.ts" line="173" assertions="1" />
      <testcase name="recovers when a stale breaker claim was left behind" classname="util.flock" time="0.108692" file="test/util/flock.test.ts" line="199" assertions="2" />
      <testcase name="fails clearly if lock dir is removed while held" classname="util.flock" time="0.00319" file="test/util/flock.test.ts" line="230" assertions="3" />
      <testcase name="writes owner metadata while lock is held" classname="util.flock" time="0.001587" file="test/util/flock.test.ts" line="270" assertions="4" />
      <testcase name="supports acquire with await using" classname="util.flock" time="0.001617" file="test/util/flock.test.ts" line="299" assertions="2" />
      <testcase name="refuses token mismatch release and recovers from stale" classname="util.flock" time="0.564905" file="test/util/flock.test.ts" line="317" assertions="4" />
      <testcase name="fails clearly on unwritable lock roots" classname="util.flock" time="0.001569" file="test/util/flock.test.ts" line="358" assertions="2" />
    </testsuite>
  </testsuite>
  <testsuite name="test/util/which.test.ts" file="test/util/which.test.ts" tests="6" assertions="4" failures="0" skipped="0" time="0" hostname="MacBook-Pro-5.local">
    <testsuite name="util.which" file="test/util/which.test.ts" line="41" tests="6" assertions="4" failures="0" skipped="0" time="0.005" hostname="MacBook-Pro-5.local">
      <testcase name="returns null when command is missing" classname="util.which" time="0.001401" file="test/util/which.test.ts" line="42" assertions="1" />
      <testcase name="finds a command from PATH override" classname="util.which" time="0.003582" file="test/util/which.test.ts" line="46" assertions="1" />
      <testcase name="uses first PATH match" classname="util.which" time="0.001608" file="test/util/which.test.ts" line="55" assertions="1" />
      <testcase name="returns null for non-executable file on unix" classname="util.which" time="0.000903" file="test/util/which.test.ts" line="67" assertions="1" />
      <testcase name="uses PATHEXT on windows" classname="util.which" time="0.000157" file="test/util/which.test.ts" line="78" assertions="0" />
      <testcase name="uses Windows Path casing fallback" classname="util.which" time="0.000092" file="test/util/which.test.ts" line="90" assertions="0" />
    </testsuite>
  </testsuite>
  <testsuite name="test/util/filesystem.test.ts" file="test/util/filesystem.test.ts" tests="61" assertions="58" failures="0" skipped="0" time="0" hostname="MacBook-Pro-5.local">
    <testsuite name="filesystem" file="test/util/filesystem.test.ts" line="7" tests="61" assertions="58" failures="0" skipped="0" time="0" hostname="MacBook-Pro-5.local">
      <testsuite name="exists()" file="test/util/filesystem.test.ts" line="8" tests="3" assertions="3" failures="0" skipped="0" time="0" hostname="MacBook-Pro-5.local">
        <testcase name="returns true for existing file" classname="exists() &amp;gt; filesystem" time="0.000674" file="test/util/filesystem.test.ts" line="9" assertions="1" />
        <testcase name="returns false for non-existent file" classname="exists() &amp;gt; filesystem" time="0.000329" file="test/util/filesystem.test.ts" line="17" assertions="1" />
        <testcase name="returns true for existing directory" classname="exists() &amp;gt; filesystem" time="0.000456" file="test/util/filesystem.test.ts" line="24" assertions="1" />
      </testsuite>
      <testsuite name="isDir()" file="test/util/filesystem.test.ts" line="33" tests="3" assertions="3" failures="0" skipped="0" time="0" hostname="MacBook-Pro-5.local">
        <testcase name="returns true for directory" classname="isDir() &amp;gt; filesystem" time="0.000479" file="test/util/filesystem.test.ts" line="34" assertions="1" />
        <testcase name="returns false for file" classname="isDir() &amp;gt; filesystem" time="0.000466" file="test/util/filesystem.test.ts" line="42" assertions="1" />
        <testcase name="returns false for non-existent path" classname="isDir() &amp;gt; filesystem" time="0.000346" file="test/util/filesystem.test.ts" line="50" assertions="1" />
      </testsuite>
      <testsuite name="size()" file="test/util/filesystem.test.ts" line="58" tests="3" assertions="3" failures="0" skipped="0" time="0.002" hostname="MacBook-Pro-5.local">
        <testcase name="returns file size" classname="size() &amp;gt; filesystem" time="0.002021" file="test/util/filesystem.test.ts" line="59" assertions="1" />
        <testcase name="returns 0 for non-existent file" classname="size() &amp;gt; filesystem" time="0.000445" file="test/util/filesystem.test.ts" line="68" assertions="1" />
        <testcase name="returns directory size" classname="size() &amp;gt; filesystem" time="0.000504" file="test/util/filesystem.test.ts" line="75" assertions="1" />
      </testsuite>
      <testsuite name="findUp()" file="test/util/filesystem.test.ts" line="86" tests="5" assertions="5" failures="0" skipped="0" time="0.004" hostname="MacBook-Pro-5.local">
        <testcase name="keeps previous nearest-first behavior for single target" classname="findUp() &amp;gt; filesystem" time="0.00115" file="test/util/filesystem.test.ts" line="87" assertions="1" />
        <testcase name="respects stop boundary" classname="findUp() &amp;gt; filesystem" time="0.000895" file="test/util/filesystem.test.ts" line="100" assertions="1" />
        <testcase name="supports multiple targets with nearest-first default ordering" classname="findUp() &amp;gt; filesystem" time="0.001084" file="test/util/filesystem.test.ts" line="113" assertions="1" />
        <testcase name="supports rootFirst ordering for multiple targets" classname="findUp() &amp;gt; filesystem" time="0.001088" file="test/util/filesystem.test.ts" line="132" assertions="1" />
        <testcase name="rootFirst preserves json then jsonc order per directory" classname="findUp() &amp;gt; filesystem" time="0.001436" file="test/util/filesystem.test.ts" line="151" assertions="1" />
      </testsuite>
      <testsuite name="readText()" file="test/util/filesystem.test.ts" line="175" tests="3" assertions="3" failures="0" skipped="0" time="0" hostname="MacBook-Pro-5.local">
        <testcase name="reads file content" classname="readText() &amp;gt; filesystem" time="0.000451" file="test/util/filesystem.test.ts" line="176" assertions="1" />
        <testcase name="throws for non-existent file" classname="readText() &amp;gt; filesystem" time="0.000278" file="test/util/filesystem.test.ts" line="185" assertions="1" />
        <testcase name="reads UTF-8 content correctly" classname="readText() &amp;gt; filesystem" time="0.00043" file="test/util/filesystem.test.ts" line="192" assertions="1" />
      </testsuite>
      <testsuite name="readJson()" file="test/util/filesystem.test.ts" line="202" tests="4" assertions="5" failures="0" skipped="0" time="0" hostname="MacBook-Pro-5.local">
        <testcase name="reads and parses JSON" classname="readJson() &amp;gt; filesystem" time="0.000453" file="test/util/filesystem.test.ts" line="203" assertions="1" />
        <testcase name="throws for invalid JSON" classname="readJson() &amp;gt; filesystem" time="0.000419" file="test/util/filesystem.test.ts" line="213" assertions="1" />
        <testcase name="throws for non-existent file" classname="readJson() &amp;gt; filesystem" time="0.000248" file="test/util/filesystem.test.ts" line="221" assertions="1" />
        <testcase name="returns typed data" classname="readJson() &amp;gt; filesystem" time="0.000532" file="test/util/filesystem.test.ts" line="228" assertions="2" />
      </testsuite>
      <testsuite name="readBytes()" file="test/util/filesystem.test.ts" line="244" tests="2" assertions="3" failures="0" skipped="0" time="0" hostname="MacBook-Pro-5.local">
        <testcase name="reads file as buffer" classname="readBytes() &amp;gt; filesystem" time="0.000531" file="test/util/filesystem.test.ts" line="245" assertions="2" />
        <testcase name="throws for non-existent file" classname="readBytes() &amp;gt; filesystem" time="0.000275" file="test/util/filesystem.test.ts" line="256" assertions="1" />
      </testsuite>
      <testsuite name="write()" file="test/util/filesystem.test.ts" line="264" tests="4" assertions="4" failures="0" skipped="0" time="0" hostname="MacBook-Pro-5.local">
        <testcase name="writes text content" classname="write() &amp;gt; filesystem" time="0.00043" file="test/util/filesystem.test.ts" line="265" assertions="1" />
        <testcase name="writes buffer content" classname="write() &amp;gt; filesystem" time="0.000404" file="test/util/filesystem.test.ts" line="275" assertions="1" />
        <testcase name="writes with permissions" classname="write() &amp;gt; filesystem" time="0.000378" file="test/util/filesystem.test.ts" line="286" assertions="1" />
        <testcase name="creates parent directories" classname="write() &amp;gt; filesystem" time="0.000685" file="test/util/filesystem.test.ts" line="300" assertions="1" />
      </testsuite>
      <testsuite name="writeJson()" file="test/util/filesystem.test.ts" line="311" tests="3" assertions="4" failures="0" skipped="0" time="0" hostname="MacBook-Pro-5.local">
        <testcase name="writes JSON data" classname="writeJson() &amp;gt; filesystem" time="0.000404" file="test/util/filesystem.test.ts" line="312" assertions="1" />
        <testcase name="writes formatted JSON" classname="writeJson() &amp;gt; filesystem" time="0.000401" file="test/util/filesystem.test.ts" line="323" assertions="2" />
        <testcase name="writes with permissions" classname="writeJson() &amp;gt; filesystem" time="0.0004" file="test/util/filesystem.test.ts" line="335" assertions="1" />
      </testsuite>
      <testsuite name="mimeType()" file="test/util/filesystem.test.ts" line="349" tests="6" assertions="7" failures="0" skipped="0" time="0" hostname="MacBook-Pro-5.local">
        <testcase name="returns correct MIME type for JSON" classname="mimeType() &amp;gt; filesystem" time="0.000046" file="test/util/filesystem.test.ts" line="350" assertions="1" />
        <testcase name="returns correct MIME type for JavaScript" classname="mimeType() &amp;gt; filesystem" time="0" file="test/util/filesystem.test.ts" line="354" assertions="1" />
        <testcase name="returns MIME type for TypeScript (or video/mp2t due to extension conflict)" classname="mimeType() &amp;gt; filesystem" time="0.00003" file="test/util/filesystem.test.ts" line="358" assertions="1" />
        <testcase name="returns correct MIME type for images" classname="mimeType() &amp;gt; filesystem" time="0.000003" file="test/util/filesystem.test.ts" line="364" assertions="2" />
        <testcase name="returns default for unknown extension" classname="mimeType() &amp;gt; filesystem" time="0" file="test/util/filesystem.test.ts" line="369" assertions="1" />
        <testcase name="handles files without extension" classname="mimeType() &amp;gt; filesystem" time="0" file="test/util/filesystem.test.ts" line="373" assertions="1" />
      </testsuite>
      <testsuite name="windowsPath()" file="test/util/filesystem.test.ts" line="378" tests="4" assertions="5" failures="0" skipped="0" time="0" hostname="MacBook-Pro-5.local">
        <testcase name="converts Git Bash paths" classname="windowsPath() &amp;gt; filesystem" time="0.000045" file="test/util/filesystem.test.ts" line="379" assertions="1" />
        <testcase name="converts Cygwin paths" classname="windowsPath() &amp;gt; filesystem" time="0.000008" file="test/util/filesystem.test.ts" line="388" assertions="1" />
        <testcase name="converts WSL paths" classname="windowsPath() &amp;gt; filesystem" time="0" file="test/util/filesystem.test.ts" line="397" assertions="1" />
        <testcase name="ignores normal Windows paths" classname="windowsPath() &amp;gt; filesystem" time="0" file="test/util/filesystem.test.ts" line="406" assertions="2" />
      </testsuite>
      <testsuite name="writeStream()" file="test/util/filesystem.test.ts" line="412" tests="7" assertions="8" failures="0" skipped="0" time="0.004" hostname="MacBook-Pro-5.local">
        <testcase name="writes from Web ReadableStream" classname="writeStream() &amp;gt; filesystem" time="0.002614" file="test/util/filesystem.test.ts" line="413" assertions="1" />
        <testcase name="writes from Node.js Readable stream" classname="writeStream() &amp;gt; filesystem" time="0.000815" file="test/util/filesystem.test.ts" line="430" assertions="1" />
        <testcase name="writes binary data from Web ReadableStream" classname="writeStream() &amp;gt; filesystem" time="0.00053" file="test/util/filesystem.test.ts" line="442" assertions="1" />
        <testcase name="writes large content in chunks" classname="writeStream() &amp;gt; filesystem" time="0.002665" file="test/util/filesystem.test.ts" line="459" assertions="1" />
        <testcase name="creates parent directories" classname="writeStream() &amp;gt; filesystem" time="0.000839" file="test/util/filesystem.test.ts" line="477" assertions="1" />
        <testcase name="writes with permissions" classname="writeStream() &amp;gt; filesystem" time="0.000671" file="test/util/filesystem.test.ts" line="493" assertions="1" />
        <testcase name="writes executable with permissions" classname="writeStream() &amp;gt; filesystem" time="0.000522" file="test/util/filesystem.test.ts" line="512" assertions="2" />
      </testsuite>
      <testsuite name="resolve()" file="test/util/filesystem.test.ts" line="533" tests="13" assertions="5" failures="0" skipped="0" time="0" hostname="MacBook-Pro-5.local">
        <testcase name="resolves slash-prefixed drive paths on Windows" classname="resolve() &amp;gt; filesystem" time="0.000062" file="test/util/filesystem.test.ts" line="534" assertions="0" />
        <testcase name="resolves slash-prefixed drive roots on Windows" classname="resolve() &amp;gt; filesystem" time="0.000064" file="test/util/filesystem.test.ts" line="541" assertions="0" />
        <testcase name="resolves Git Bash and MSYS2 paths on Windows" classname="resolve() &amp;gt; filesystem" time="0" file="test/util/filesystem.test.ts" line="548" assertions="0" />
        <testcase name="resolves Git Bash and MSYS2 drive roots on Windows" classname="resolve() &amp;gt; filesystem" time="0.000091" file="test/util/filesystem.test.ts" line="557" assertions="0" />
        <testcase name="resolves Cygwin paths on Windows" classname="resolve() &amp;gt; filesystem" time="0" file="test/util/filesystem.test.ts" line="565" assertions="0" />
        <testcase name="resolves Cygwin drive roots on Windows" classname="resolve() &amp;gt; filesystem" time="0.000114" file="test/util/filesystem.test.ts" line="573" assertions="0" />
        <testcase name="resolves WSL mount paths on Windows" classname="resolve() &amp;gt; filesystem" time="0" file="test/util/filesystem.test.ts" line="580" assertions="0" />
        <testcase name="resolves WSL mount roots on Windows" classname="resolve() &amp;gt; filesystem" time="0" file="test/util/filesystem.test.ts" line="588" assertions="0" />
        <testcase name="resolves symlinked directory to canonical path" classname="resolve() &amp;gt; filesystem" time="0.000603" file="test/util/filesystem.test.ts" line="595" assertions="1" />
        <testcase name="returns unresolved path when target does not exist" classname="resolve() &amp;gt; filesystem" time="0.00023" file="test/util/filesystem.test.ts" line="604" assertions="1" />
        <testcase name="throws ELOOP on symlink cycle" classname="resolve() &amp;gt; filesystem" time="0.000402" file="test/util/filesystem.test.ts" line="611" assertions="1" />
        <testcase name="throws EACCES on permission-denied symlink target" classname="resolve() &amp;gt; filesystem" time="0.000495" file="test/util/filesystem.test.ts" line="621" assertions="1" />
        <testcase name="rethrows non-ENOENT errors" classname="resolve() &amp;gt; filesystem" time="0.000316" file="test/util/filesystem.test.ts" line="639" assertions="1" />
      </testsuite>
      <testsuite name="normalizePathPattern()" file="test/util/filesystem.test.ts" line="648" tests="1" assertions="0" failures="0" skipped="0" time="0" hostname="MacBook-Pro-5.local">
        <testcase name="preserves drive root globs on Windows" classname="normalizePathPattern() &amp;gt; filesystem" time="0.000019" file="test/util/filesystem.test.ts" line="649" assertions="0" />
      </testsuite>
    </testsuite>
  </testsuite>
  <testsuite name="test/file/fsmonitor.test.ts" file="test/file/fsmonitor.test.ts" tests="2" assertions="0" failures="0" skipped="2" time="0" hostname="MacBook-Pro-5.local">
    <testsuite name="file fsmonitor" file="test/file/fsmonitor.test.ts" line="11" tests="2" assertions="0" failures="0" skipped="2" time="0" hostname="MacBook-Pro-5.local">
      <testcase name="status does not start fsmonitor for readonly git checks" classname="file fsmonitor" time="0" file="test/file/fsmonitor.test.ts" line="12" assertions="0">
        <skipped />
      </testcase>
      <testcase name="read does not start fsmonitor for git diffs" classname="file fsmonitor" time="0" file="test/file/fsmonitor.test.ts" line="38" assertions="0">
        <skipped />
      </testcase>
    </testsuite>
  </testsuite>
  <testsuite name="test/file/path-traversal.test.ts" file="test/file/path-traversal.test.ts" tests="15" assertions="30" failures="0" skipped="0" time="0" hostname="MacBook-Pro-5.local">
    <testsuite name="Filesystem.contains" file="test/file/path-traversal.test.ts" line="9" tests="4" assertions="11" failures="0" skipped="0" time="0" hostname="MacBook-Pro-5.local">
      <testcase name="allows paths within project" classname="Filesystem.contains" time="0.000075" file="test/file/path-traversal.test.ts" line="10" assertions="3" />
      <testcase name="blocks ../ traversal" classname="Filesystem.contains" time="0.000031" file="test/file/path-traversal.test.ts" line="16" assertions="3" />
      <testcase name="blocks absolute paths outside project" classname="Filesystem.contains" time="0.000012" file="test/file/path-traversal.test.ts" line="22" assertions="3" />
      <testcase name="handles prefix collision edge cases" classname="Filesystem.contains" time="0" file="test/file/path-traversal.test.ts" line="28" assertions="2" />
    </testsuite>
    <testsuite name="File.read path traversal protection" file="test/file/path-traversal.test.ts" line="43" tests="3" assertions="3" failures="0" skipped="0" time="0.003" hostname="MacBook-Pro-5.local">
      <testcase name="rejects ../ traversal attempting to read /etc/passwd" classname="File.read path traversal protection" time="0.002521" file="test/file/path-traversal.test.ts" line="44" assertions="1" />
      <testcase name="rejects deeply nested traversal" classname="File.read path traversal protection" time="0.00085" file="test/file/path-traversal.test.ts" line="59" assertions="1" />
      <testcase name="allows valid paths within project" classname="File.read path traversal protection" time="0.001135" file="test/file/path-traversal.test.ts" line="72" assertions="1" />
    </testsuite>
    <testsuite name="File.list path traversal protection" file="test/file/path-traversal.test.ts" line="89" tests="2" assertions="2" failures="0" skipped="0" time="0.001" hostname="MacBook-Pro-5.local">
      <testcase name="rejects ../ traversal attempting to list /etc" classname="File.list path traversal protection" time="0.000977" file="test/file/path-traversal.test.ts" line="90" assertions="1" />
      <testcase name="allows valid subdirectory listing" classname="File.list path traversal protection" time="0.001101" file="test/file/path-traversal.test.ts" line="101" assertions="1" />
    </testsuite>
    <testsuite name="Instance.containsPath" file="test/file/path-traversal.test.ts" line="118" tests="6" assertions="14" failures="0" skipped="0" time="0.25" hostname="MacBook-Pro-5.local">
      <testcase name="returns true for path inside directory" classname="Instance.containsPath" time="0.056508" file="test/file/path-traversal.test.ts" line="119" assertions="2" />
      <testcase name="returns true for path inside worktree but outside directory (monorepo subdirectory scenario)" classname="Instance.containsPath" time="0.051499" file="test/file/path-traversal.test.ts" line="131" assertions="3" />
      <testcase name="returns false for path outside both directory and worktree" classname="Instance.containsPath" time="0.049196" file="test/file/path-traversal.test.ts" line="149" assertions="2" />
      <testcase name="returns false for path with .. escaping worktree" classname="Instance.containsPath" time="0.048545" file="test/file/path-traversal.test.ts" line="161" assertions="1" />
      <testcase name="handles directory === worktree (running from repo root)" classname="Instance.containsPath" time="0.045025" file="test/file/path-traversal.test.ts" line="172" assertions="3" />
      <testcase name="non-git project does not allow arbitrary paths via worktree=&apos;/&apos;" classname="Instance.containsPath" time="0.001054" file="test/file/path-traversal.test.ts" line="185" assertions="3" />
    </testsuite>
  </testsuite>
  <testsuite name="test/file/index.test.ts" file="test/file/index.test.ts" tests="52" assertions="129" failures="0" skipped="0" time="0" hostname="MacBook-Pro-5.local">
    <testsuite name="file/index Filesystem patterns" file="test/file/index.test.ts" line="14" tests="52" assertions="129" failures="0" skipped="0" time="0" hostname="MacBook-Pro-5.local">
      <testsuite name="File.read() - text content" file="test/file/index.test.ts" line="15" tests="5" assertions="8" failures="0" skipped="0" time="0.001" hostname="MacBook-Pro-5.local">
        <testcase name="reads text file via Filesystem.readText()" classname="File.read() - text content &amp;gt; file/index Filesystem patterns" time="0.001189" file="test/file/index.test.ts" line="16" assertions="2" />
        <testcase name="reads with Filesystem.exists() check" classname="File.read() - text content &amp;gt; file/index Filesystem patterns" time="0.000719" file="test/file/index.test.ts" line="31" assertions="2" />
        <testcase name="trims whitespace from text content" classname="File.read() - text content &amp;gt; file/index Filesystem patterns" time="0.000814" file="test/file/index.test.ts" line="45" assertions="1" />
        <testcase name="handles empty text file" classname="File.read() - text content &amp;gt; file/index Filesystem patterns" time="0.000795" file="test/file/index.test.ts" line="59" assertions="2" />
        <testcase name="handles multi-line text files" classname="File.read() - text content &amp;gt; file/index Filesystem patterns" time="0.000846" file="test/file/index.test.ts" line="74" assertions="1" />
      </testsuite>
      <testsuite name="File.read() - binary content" file="test/file/index.test.ts" line="89" tests="2" assertions="6" failures="0" skipped="0" time="0" hostname="MacBook-Pro-5.local">
        <testcase name="reads binary file via Filesystem.readArrayBuffer()" classname="File.read() - binary content &amp;gt; file/index Filesystem patterns" time="0.000899" file="test/file/index.test.ts" line="90" assertions="4" />
        <testcase name="returns empty for binary non-image files" classname="File.read() - binary content &amp;gt; file/index Filesystem patterns" time="0.00082" file="test/file/index.test.ts" line="108" assertions="2" />
      </testsuite>
      <testsuite name="File.read() - Filesystem.mimeType()" file="test/file/index.test.ts" line="124" tests="2" assertions="6" failures="0" skipped="0" time="0.001" hostname="MacBook-Pro-5.local">
        <testcase name="detects MIME type via Filesystem.mimeType()" classname="File.read() - Filesystem.mimeType() &amp;gt; file/index Filesystem patterns" time="0.00074" file="test/file/index.test.ts" line="125" assertions="2" />
        <testcase name="handles various image MIME types" classname="File.read() - Filesystem.mimeType() &amp;gt; file/index Filesystem patterns" time="0.001085" file="test/file/index.test.ts" line="141" assertions="4" />
      </testsuite>
      <testsuite name="File.list() - Filesystem.exists() and readText()" file="test/file/index.test.ts" line="164" tests="3" assertions="6" failures="0" skipped="0" time="0.139" hostname="MacBook-Pro-5.local">
        <testcase name="reads .gitignore via Filesystem.exists() and readText()" classname="File.list() - Filesystem.exists() and readText() &amp;gt; file/index Filesystem patterns" time="0.046352" file="test/file/index.test.ts" line="165" assertions="2" />
        <testcase name="reads .ignore file similarly" classname="File.list() - Filesystem.exists() and readText() &amp;gt; file/index Filesystem patterns" time="0.047574" file="test/file/index.test.ts" line="183" assertions="2" />
        <testcase name="handles missing .gitignore gracefully" classname="File.list() - Filesystem.exists() and readText() &amp;gt; file/index Filesystem patterns" time="0.046178" file="test/file/index.test.ts" line="198" assertions="2" />
      </testsuite>
      <testsuite name="File.changed() - Filesystem.readText() for untracked files" file="test/file/index.test.ts" line="215" tests="1" assertions="1" failures="0" skipped="0" time="0.046" hostname="MacBook-Pro-5.local">
[...]
    </testsuite>
    <testsuite name="tool calls" file="test/provider/copilot/convert-to-copilot-messages.test.ts" line="212" tests="4" assertions="6" failures="0" skipped="0" time="0" hostname="MacBook-Pro-5.local">
      <testcase name="should stringify arguments to tool calls" classname="tool calls" time="0.000034" file="test/provider/copilot/convert-to-copilot-messages.test.ts" line="213" assertions="1" />
      <testcase name="should handle text output type in tool results" classname="tool calls" time="0" file="test/provider/copilot/convert-to-copilot-messages.test.ts" line="264" assertions="1" />
      <testcase name="should handle multiple tool results as separate messages" classname="tool calls" time="0.000033" file="test/provider/copilot/convert-to-copilot-messages.test.ts" line="288" assertions="3" />
      <testcase name="should handle text plus multiple tool calls" classname="tool calls" time="0.00003" file="test/provider/copilot/convert-to-copilot-messages.test.ts" line="322" assertions="1" />
    </testsuite>
    <testsuite name="reasoning (copilot-specific)" file="test/provider/copilot/convert-to-copilot-messages.test.ts" line="374" tests="4" assertions="4" failures="0" skipped="0" time="0" hostname="MacBook-Pro-5.local">
      <testcase name="should omit reasoning_text without reasoning_opaque" classname="reasoning (copilot-specific)" time="0" file="test/provider/copilot/convert-to-copilot-messages.test.ts" line="375" assertions="1" />
      <testcase name="should include reasoning_opaque from providerOptions" classname="reasoning (copilot-specific)" time="0.000023" file="test/provider/copilot/convert-to-copilot-messages.test.ts" line="397" assertions="1" />
      <testcase name="should include reasoning_opaque from text part providerOptions" classname="reasoning (copilot-specific)" time="0" file="test/provider/copilot/convert-to-copilot-messages.test.ts" line="425" assertions="1" />
      <testcase name="should handle reasoning-only assistant message" classname="reasoning (copilot-specific)" time="0" file="test/provider/copilot/convert-to-copilot-messages.test.ts" line="452" assertions="1" />
    </testsuite>
    <testsuite name="full conversation" file="test/provider/copilot/convert-to-copilot-messages.test.ts" line="480" tests="1" assertions="4" failures="0" skipped="0" time="0" hostname="MacBook-Pro-5.local">
      <testcase name="should convert a multi-turn conversation with reasoning" classname="full conversation" time="0" file="test/provider/copilot/convert-to-copilot-messages.test.ts" line="481" assertions="4" />
    </testsuite>
  </testsuite>
  <testsuite name="test/provider/copilot/copilot-chat-model.test.ts" file="test/provider/copilot/copilot-chat-model.test.ts" tests="11" assertions="62" failures="0" skipped="0" time="0" hostname="MacBook-Pro-5.local">
    <testsuite name="doStream" file="test/provider/copilot/copilot-chat-model.test.ts" line="103" tests="10" assertions="61" failures="0" skipped="0" time="0.001" hostname="MacBook-Pro-5.local">
      <testcase name="should stream text deltas" classname="doStream" time="0.00139" file="test/provider/copilot/copilot-chat-model.test.ts" line="104" assertions="1" />
      <testcase name="should stream reasoning with tool calls and capture reasoning_opaque" classname="doStream" time="0.000492" file="test/provider/copilot/copilot-chat-model.test.ts" line="130" assertions="10" />
      <testcase name="should handle reasoning_opaque that comes at end with text in between" classname="doStream" time="0.000394" file="test/provider/copilot/copilot-chat-model.test.ts" line="212" assertions="11" />
      <testcase name="should handle reasoning_opaque and content in the same chunk" classname="doStream" time="0.000352" file="test/provider/copilot/copilot-chat-model.test.ts" line="272" assertions="11" />
      <testcase name="should handle reasoning_opaque and content followed by tool calls" classname="doStream" time="0.000319" file="test/provider/copilot/copilot-chat-model.test.ts" line="322" assertions="13" />
      <testcase name="should emit reasoning-end before tool-input-start when reasoning goes directly to tool calls" classname="doStream" time="0.000343" file="test/provider/copilot/copilot-chat-model.test.ts" line="399" assertions="10" />
      <testcase name="should attach reasoning_opaque to tool calls without reasoning_text" classname="doStream" time="0.000239" file="test/provider/copilot/copilot-chat-model.test.ts" line="456" assertions="2" />
      <testcase name="should include response metadata from first chunk" classname="doStream" time="0.000219" file="test/provider/copilot/copilot-chat-model.test.ts" line="485" assertions="1" />
      <testcase name="should emit stream-start with warnings" classname="doStream" time="0.000236" file="test/provider/copilot/copilot-chat-model.test.ts" line="504" assertions="1" />
      <testcase name="should include raw chunks when requested" classname="doStream" time="0.00023" file="test/provider/copilot/copilot-chat-model.test.ts" line="522" assertions="1" />
    </testsuite>
    <testsuite name="request body" file="test/provider/copilot/copilot-chat-model.test.ts" line="538" tests="1" assertions="1" failures="0" skipped="0" time="0" hostname="MacBook-Pro-5.local">
      <testcase name="should send tools in OpenAI format" classname="request body" time="0.000202" file="test/provider/copilot/copilot-chat-model.test.ts" line="539" assertions="1" />
    </testsuite>
  </testsuite>
  <testsuite name="test/cli/tui/plugin-toggle.test.ts" file="test/cli/tui/plugin-toggle.test.ts" tests="2" assertions="11" failures="0" skipped="0" time="0.053" hostname="MacBook-Pro-5.local">
    <testcase name="toggles plugin runtime state by exported id" classname="" time="0.013107" file="test/cli/tui/plugin-toggle.test.ts" line="11" assertions="9" />
    <testcase name="kv plugin_enabled overrides tui config on startup" classname="" time="0.040271" file="test/cli/tui/plugin-toggle.test.ts" line="94" assertions="2" />
  </testsuite>
  <testsuite name="test/cli/tui/plugin-install.test.ts" file="test/cli/tui/plugin-install.test.ts" tests="1" assertions="4" failures="0" skipped="0" time="0.025" hostname="MacBook-Pro-5.local">
    <testcase name="installs plugin without loading it" classname="" time="0.02551" file="test/cli/tui/plugin-install.test.ts" line="11" assertions="4" />
  </testsuite>
  <testsuite name="test/cli/tui/plugin-loader-pure.test.ts" file="test/cli/tui/plugin-loader-pure.test.ts" tests="1" assertions="1" failures="0" skipped="0" time="0.001" hostname="MacBook-Pro-5.local">
    <testcase name="skips external tui plugins in pure mode" classname="" time="0.001624" file="test/cli/tui/plugin-loader-pure.test.ts" line="11" assertions="1" />
  </testsuite>
  <testsuite name="test/cli/tui/transcript.test.ts" file="test/cli/tui/transcript.test.ts" tests="18" assertions="37" failures="0" skipped="0" time="0" hostname="MacBook-Pro-5.local">
    <testsuite name="transcript" file="test/cli/tui/transcript.test.ts" line="69" tests="18" assertions="37" failures="0" skipped="0" time="0" hostname="MacBook-Pro-5.local">
      <testsuite name="formatAssistantHeader" file="test/cli/tui/transcript.test.ts" line="70" tests="5" assertions="5" failures="0" skipped="0" time="0" hostname="MacBook-Pro-5.local">
        <testcase name="includes metadata when enabled" classname="formatAssistantHeader &amp;gt; transcript" time="0" file="test/cli/tui/transcript.test.ts" line="86" assertions="1" />
        <testcase name="uses model display name when available" classname="formatAssistantHeader &amp;gt; transcript" time="0" file="test/cli/tui/transcript.test.ts" line="91" assertions="1" />
        <testcase name="excludes metadata when disabled" classname="formatAssistantHeader &amp;gt; transcript" time="0" file="test/cli/tui/transcript.test.ts" line="96" assertions="1" />
        <testcase name="handles missing completed time" classname="formatAssistantHeader &amp;gt; transcript" time="0" file="test/cli/tui/transcript.test.ts" line="101" assertions="1" />
        <testcase name="titlecases agent name" classname="formatAssistantHeader &amp;gt; transcript" time="0" file="test/cli/tui/transcript.test.ts" line="107" assertions="1" />
      </testsuite>
      <testsuite name="formatPart" file="test/cli/tui/transcript.test.ts" line="114" tests="8" assertions="17" failures="0" skipped="0" time="0" hostname="MacBook-Pro-5.local">
        <testcase name="formats text part" classname="formatPart &amp;gt; transcript" time="0" file="test/cli/tui/transcript.test.ts" line="117" assertions="1" />
        <testcase name="skips synthetic text parts" classname="formatPart &amp;gt; transcript" time="0" file="test/cli/tui/transcript.test.ts" line="129" assertions="1" />
        <testcase name="formats reasoning when thinking enabled" classname="formatPart &amp;gt; transcript" time="0" file="test/cli/tui/transcript.test.ts" line="142" assertions="1" />
        <testcase name="skips reasoning when thinking disabled" classname="formatPart &amp;gt; transcript" time="0" file="test/cli/tui/transcript.test.ts" line="155" assertions="1" />
        <testcase name="formats tool part with details" classname="formatPart &amp;gt; transcript" time="0" file="test/cli/tui/transcript.test.ts" line="168" assertions="5" />
        <testcase name="formats tool output containing triple backticks without breaking markdown" classname="formatPart &amp;gt; transcript" time="0" file="test/cli/tui/transcript.test.ts" line="193" assertions="3" />
        <testcase name="formats tool part without details when disabled" classname="formatPart &amp;gt; transcript" time="0" file="test/cli/tui/transcript.test.ts" line="218" assertions="3" />
        <testcase name="formats tool error" classname="formatPart &amp;gt; transcript" time="0" file="test/cli/tui/transcript.test.ts" line="241" assertions="2" />
      </testsuite>
      <testsuite name="formatMessage" file="test/cli/tui/transcript.test.ts" line="262" tests="2" assertions="4" failures="0" skipped="0" time="0" hostname="MacBook-Pro-5.local">
        <testcase name="formats user message" classname="formatMessage &amp;gt; transcript" time="0" file="test/cli/tui/transcript.test.ts" line="265" assertions="2" />
        <testcase name="formats assistant message with metadata" classname="formatMessage &amp;gt; transcript" time="0" file="test/cli/tui/transcript.test.ts" line="280" assertions="2" />
      </testsuite>
      <testsuite name="formatTranscript" file="test/cli/tui/transcript.test.ts" line="302" tests="3" assertions="11" failures="0" skipped="0" time="0" hostname="MacBook-Pro-5.local">
        <testcase name="formats complete transcript" classname="formatTranscript &amp;gt; transcript" time="0.000676" file="test/cli/tui/transcript.test.ts" line="303" assertions="7" />
        <testcase name="falls back to raw model id when provider data is missing" classname="formatTranscript &amp;gt; transcript" time="0" file="test/cli/tui/transcript.test.ts" line="357" assertions="1" />
        <testcase name="formats transcript without assistant metadata" classname="formatTranscript &amp;gt; transcript" time="0.000508" file="test/cli/tui/transcript.test.ts" line="392" assertions="3" />
      </testsuite>
    </testsuite>
  </testsuite>
  <testsuite name="test/cli/tui/slot-replace.test.tsx" file="test/cli/tui/slot-replace.test.tsx" tests="1" assertions="1" failures="0" skipped="0" time="0.005" hostname="MacBook-Pro-5.local">
    <testcase name="replace slot mounts plugin content once" classname="" time="0.005625" file="test/cli/tui/slot-replace.test.tsx" line="8" assertions="1" />
  </testsuite>
  <testsuite name="test/cli/tui/plugin-add.test.ts" file="test/cli/tui/plugin-add.test.ts" tests="2" assertions="7" failures="0" skipped="0" time="0.01" hostname="MacBook-Pro-5.local">
    <testcase name="adds tui plugin at runtime from spec" classname="" time="0.005865" file="test/cli/tui/plugin-add.test.ts" line="11" assertions="3" />
    <testcase name="retries runtime add for file plugins after dependency wait" classname="" time="0.00506" file="test/cli/tui/plugin-add.test.ts" line="63" assertions="4" />
  </testsuite>
  <testsuite name="test/cli/tui/plugin-lifecycle.test.ts" file="test/cli/tui/plugin-lifecycle.test.ts" tests="4" assertions="11" failures="0" skipped="0" time="5.029" hostname="MacBook-Pro-5.local">
    <testcase name="runs onDispose callbacks with aborted signal and is idempotent" classname="" time="0.00341" file="test/cli/tui/plugin-lifecycle.test.ts" line="12" assertions="3" />
    <testcase name="rolls back failed plugin and continues loading next" classname="" time="0.006008" file="test/cli/tui/plugin-lifecycle.test.ts" line="63" assertions="2" />
    <testcase name="assigns sequential slot ids scoped to plugin" classname="" time="0.0033" file="test/cli/tui/plugin-lifecycle.test.ts" line="120" assertions="5" />
    <testcase name="times out hanging plugin cleanup on dispose" classname="" time="5.017565" file="test/cli/tui/plugin-lifecycle.test.ts" line="184" assertions="1" />
  </testsuite>
  <testsuite name="test/cli/tui/keybind-plugin.test.ts" file="test/cli/tui/keybind-plugin.test.ts" tests="5" assertions="10" failures="0" skipped="0" time="0" hostname="MacBook-Pro-5.local">
    <testsuite name="createPluginKeybind" file="test/cli/tui/keybind-plugin.test.ts" line="5" tests="5" assertions="10" failures="0" skipped="0" time="0" hostname="MacBook-Pro-5.local">
      <testcase name="uses defaults when overrides are missing" classname="createPluginKeybind" time="0" file="test/cli/tui/keybind-plugin.test.ts" line="11" assertions="3" />
      <testcase name="applies valid overrides" classname="createPluginKeybind" time="0" file="test/cli/tui/keybind-plugin.test.ts" line="23" assertions="1" />
      <testcase name="ignores invalid overrides" classname="createPluginKeybind" time="0" file="test/cli/tui/keybind-plugin.test.ts" line="39" assertions="2" />
      <testcase name="resolves names for match" classname="createPluginKeybind" time="0" file="test/cli/tui/keybind-plugin.test.ts" line="54" assertions="1" />
      <testcase name="resolves names for print" classname="createPluginKeybind" time="0" file="test/cli/tui/keybind-plugin.test.ts" line="73" assertions="3" />
    </testsuite>
  </testsuite>
  <testsuite name="test/cli/tui/plugin-loader-entrypoint.test.ts" file="test/cli/tui/plugin-loader-entrypoint.test.ts" tests="8" assertions="20" failures="0" skipped="0" time="0.03" hostname="MacBook-Pro-5.local">
    <testcase name="loads npm tui plugin from package ./tui export" classname="" time="0.009819" file="test/cli/tui/plugin-loader-entrypoint.test.ts" line="12" assertions="4" />
    <testcase name="does not use npm package exports dot for tui entry" classname="" time="0.003396" file="test/cli/tui/plugin-loader-entrypoint.test.ts" line="78" assertions="2" />
    <testcase name="rejects npm tui export that resolves outside plugin directory" classname="" time="0.006129" file="test/cli/tui/plugin-loader-entrypoint.test.ts" line="137" assertions="2" />
    <testcase name="rejects npm tui plugin that exports server and tui together" classname="" time="0.002827" file="test/cli/tui/plugin-loader-entrypoint.test.ts" line="202" assertions="2" />
    <testcase name="does not use npm package main for tui entry" classname="" time="0.002178" file="test/cli/tui/plugin-loader-entrypoint.test.ts" line="263" assertions="4" />
    <testcase name="does not use directory package main for tui entry" classname="" time="0.002087" file="test/cli/tui/plugin-loader-entrypoint.test.ts" line="328" assertions="2" />
    <testcase name="uses directory index fallback for tui when package.json is missing" classname="" time="0.003233" file="test/cli/tui/plugin-loader-entrypoint.test.ts" line="386" assertions="2" />
    <testcase name="uses npm package name when tui plugin id is omitted" classname="" time="0.003387" file="test/cli/tui/plugin-loader-entrypoint.test.ts" line="434" assertions="2" />
  </testsuite>
  <testsuite name="test/cli/tui/plugin-loader.test.ts" file="test/cli/tui/plugin-loader.test.ts" tests="5" assertions="59" failures="0" skipped="0" time="0.043" hostname="MacBook-Pro-5.local">
    <testcase name="continues loading when a plugin is missing config metadata" classname="" time="0.003506" file="test/cli/tui/plugin-loader.test.ts" line="420" assertions="3" />
    <testcase name="initializes external tui plugins in config order" classname="" time="0.031306" file="test/cli/tui/plugin-loader.test.ts" line="504" assertions="1" />
    <testsuite name="tui.plugin.loader" file="test/cli/tui/plugin-loader.test.ts" line="582" tests="2" assertions="51" failures="0" skipped="0" time="0" hostname="MacBook-Pro-5.local">
      <testcase name="passes keybind, kv, state, and dialog APIs to v1 plugins" classname="tui.plugin.loader" time="0" file="test/cli/tui/plugin-loader.test.ts" line="589" assertions="26" />
      <testcase name="installs themes in the correct scope and remains resilient" classname="tui.plugin.loader" time="0" file="test/cli/tui/plugin-loader.test.ts" line="618" assertions="25" />
    </testsuite>
    <testcase name="updates installed theme when plugin metadata changes" classname="" time="0.00954" file="test/cli/tui/plugin-loader.test.ts" line="651" assertions="4" />
  </testsuite>
  <testsuite name="test/cli/tui/thread.test.ts" file="test/cli/tui/thread.test.ts" tests="2" assertions="6" failures="0" skipped="0" time="0" hostname="MacBook-Pro-5.local">
    <testsuite name="tui thread" file="test/cli/tui/thread.test.ts" line="52" tests="2" assertions="6" failures="0" skipped="0" time="0.083" hostname="MacBook-Pro-5.local">
      <testcase name="uses the real cwd when PWD points at a symlink" classname="tui thread" time="0.047188" file="test/cli/tui/thread.test.ts" line="121" assertions="3" />
      <testcase name="uses the real cwd after resolving a relative project from PWD" classname="tui thread" time="0.036181" file="test/cli/tui/thread.test.ts" line="125" assertions="3" />
    </testsuite>
  </testsuite>
  <testsuite name="test/cli/tui/theme-store.test.ts" file="test/cli/tui/theme-store.test.ts" tests="5" assertions="12" failures="0" skipped="0" time="0" hostname="MacBook-Pro-5.local">
    <testcase name="addTheme writes into module theme store" classname="" time="0.000933" file="test/cli/tui/theme-store.test.ts" line="7" assertions="2" />
    <testcase name="addTheme keeps first theme for duplicate names" classname="" time="0.000686" file="test/cli/tui/theme-store.test.ts" line="14" assertions="4" />
    <testcase name="addTheme ignores entries without a theme object" classname="" time="0.000009" file="test/cli/tui/theme-store.test.ts" line="28" assertions="2" />
    <testcase name="hasTheme checks theme presence" classname="" time="0.000516" file="test/cli/tui/theme-store.test.ts" line="34" assertions="3" />
    <testcase name="resolveTheme rejects circular color refs" classname="" time="0.000194" file="test/cli/tui/theme-store.test.ts" line="41" assertions="1" />
  </testsuite>
  <testsuite name="test/cli/cmd/tui/prompt-part.test.ts" file="test/cli/cmd/tui/prompt-part.test.ts" tests="2" assertions="4" failures="0" skipped="0" time="0" hostname="MacBook-Pro-5.local">
    <testsuite name="prompt part" file="test/cli/cmd/tui/prompt-part.test.ts" line="5" tests="2" assertions="4" failures="0" skipped="0" time="0" hostname="MacBook-Pro-5.local">
      <testcase name="strip removes persisted ids from reused file parts" classname="prompt part" time="0" file="test/cli/cmd/tui/prompt-part.test.ts" line="6" assertions="1" />
      <testcase name="assign overwrites stale runtime ids" classname="prompt part" time="0" file="test/cli/cmd/tui/prompt-part.test.ts" line="25" assertions="3" />
    </testsuite>
  </testsuite>
</testsuites>
